[     149ms] [ERROR] Unknown event handler property `%s`. It will be ignored. onPointerEnterCapture @ http://localhost:3000/src/routes/__root.tsx?t=1771093344239:65
[     150ms] [ERROR] Unknown event handler property `%s`. It will be ignored. onPointerLeaveCapture @ http://localhost:3000/src/routes/__root.tsx?t=1771093344239:65
[     233ms] [ERROR] Manifest: Line: 1, column: 1, Syntax error. @ http://localhost:3000/manifest.webmanifest:0
[   28098ms] [ERROR] %o

%s

%s
 ReferenceError: MiniMap is not defined
    at GraphView (http://localhost:3000/src/lib/components/output-pane/graph-view.tsx?t=1771093964001:444:32)
    at Object.react_stack_bottom_frame (http://localhost:3000/node_modules/.vite/deps/react-dom_client.js?v=2651cc8e:12871:12)
    at renderWithHooks (http://localhost:3000/node_modules/.vite/deps/react-dom_client.js?v=2651cc8e:4216:19)
    at updateFunctionComponent (http://localhost:3000/node_modules/.vite/deps/react-dom_client.js?v=2651cc8e:5572:16)
    at beginWork (http://localhost:3000/node_modules/.vite/deps/react-dom_client.js?v=2651cc8e:6143:20)
    at runWithFiberInDEV (http://localhost:3000/node_modules/.vite/deps/react-dom_client.js?v=2651cc8e:854:66)
    at performUnitOfWork (http://localhost:3000/node_modules/.vite/deps/react-dom_client.js?v=2651cc8e:8432:94)
    at workLoopSync (http://localhost:3000/node_modules/.vite/deps/react-dom_client.js?v=2651cc8e:8328:37)
    at renderRootSync (http://localhost:3000/node_modules/.vite/deps/react-dom_client.js?v=2651cc8e:8312:6)
    at performWorkOnRoot (http://localhost:3000/node_modules/.vite/deps/react-dom_client.js?v=2651cc8e:7997:27) The above error occurred in the <GraphView> component. React will try to recreate this component tree from scratch using the error boundary you provided, CatchBoundaryImpl. @ http://localhost:3000/src/routes/__root.tsx?t=1771093344239:65
[   28098ms] [WARNING] Warning: The following error wasn't caught by any route! At the very least, consider setting an 'errorComponent' in your RootRoute! @ http://localhost:3000/src/routes/__root.tsx?t=1771093344239:65
[   28098ms] [WARNING] Warning: MiniMap is not defined @ http://localhost:3000/src/routes/__root.tsx?t=1771093344239:65
[   32618ms] [ERROR] Manifest: Line: 1, column: 1, Syntax error. @ http://localhost:3000/manifest.webmanifest:0
