[     119ms] [ERROR] Unknown event handler property `%s`. It will be ignored. onPointerEnterCapture @ http://localhost:3001/src/routes/__root.tsx:65
[     119ms] [ERROR] Unknown event handler property `%s`. It will be ignored. onPointerLeaveCapture @ http://localhost:3001/src/routes/__root.tsx:65
[     187ms] [ERROR] Manifest: Line: 1, column: 1, Syntax error. @ http://localhost:3001/manifest.webmanifest:0
[   16297ms] [ERROR] Unknown event handler property `%s`. It will be ignored. onPointerEnterCapture @ http://localhost:3001/src/routes/__root.tsx:65
[   16297ms] [ERROR] Unknown event handler property `%s`. It will be ignored. onPointerLeaveCapture @ http://localhost:3001/src/routes/__root.tsx:65
[   16341ms] [ERROR] Manifest: Line: 1, column: 1, Syntax error. @ http://localhost:3001/manifest.webmanifest:0
[   67367ms] [ERROR] [vite] SyntaxError: The requested module '/src/lib/utils/json-path.ts' does not provide an export named 'addAtPath' @ http://localhost:3001/src/routes/__root.tsx:65
[   67368ms] [ERROR] [vite] Failed to reload /src/lib/components/editor-pane.tsx. This could be due to syntax errors or importing non-existent modules. (see errors above) @ http://localhost:3001/src/routes/__root.tsx:65
[   67368ms] [ERROR] [vite] SyntaxError: The requested module '/src/lib/utils/json-path.ts' does not provide an export named 'addAtPath' @ http://localhost:3001/src/routes/__root.tsx:65
[   67368ms] [ERROR] [vite] Failed to reload /src/lib/components/output-pane/index.tsx. This could be due to syntax errors or importing non-existent modules. (see errors above) @ http://localhost:3001/src/routes/__root.tsx:65
[   67369ms] [ERROR] [vite] SyntaxError: The requested module '/src/lib/utils/json-path.ts' does not provide an export named 'addAtPath' @ http://localhost:3001/src/routes/__root.tsx:65
[   67369ms] [ERROR] [vite] Failed to reload /src/lib/components/output-pane/graph-view.tsx. This could be due to syntax errors or importing non-existent modules. (see errors above) @ http://localhost:3001/src/routes/__root.tsx:65
[   70724ms] [ERROR] [vite] SyntaxError: The requested module '/src/lib/utils/json-path.ts' does not provide an export named 'addAtPath' @ http://localhost:3001/src/routes/__root.tsx:65
[   70724ms] [ERROR] [vite] Failed to reload /src/lib/components/output-pane/index.tsx. This could be due to syntax errors or importing non-existent modules. (see errors above) @ http://localhost:3001/src/routes/__root.tsx:65
[   70724ms] [ERROR] [vite] SyntaxError: The requested module '/src/lib/utils/json-path.ts' does not provide an export named 'addAtPath' @ http://localhost:3001/src/routes/__root.tsx:65
[   70724ms] [ERROR] [vite] Failed to reload /src/lib/components/output-pane/graph-view.tsx. This could be due to syntax errors or importing non-existent modules. (see errors above) @ http://localhost:3001/src/routes/__root.tsx:65
[   70725ms] [ERROR] [vite] SyntaxError: The requested module '/src/lib/utils/json-path.ts' does not provide an export named 'addAtPath' @ http://localhost:3001/src/routes/__root.tsx:65
[   70725ms] [ERROR] [vite] Failed to reload /src/lib/components/editor-pane.tsx. This could be due to syntax errors or importing non-existent modules. (see errors above) @ http://localhost:3001/src/routes/__root.tsx:65
[   78326ms] [ERROR] [vite] SyntaxError: The requested module '/src/lib/utils/json-path.ts' does not provide an export named 'addAtPath' @ http://localhost:3001/src/routes/__root.tsx:65
[   78326ms] [ERROR] [vite] Failed to reload /src/lib/components/editor-pane.tsx. This could be due to syntax errors or importing non-existent modules. (see errors above) @ http://localhost:3001/src/routes/__root.tsx:65
[   78326ms] [ERROR] [vite] SyntaxError: The requested module '/src/lib/utils/json-path.ts' does not provide an export named 'addAtPath' @ http://localhost:3001/src/routes/__root.tsx:65
[   78326ms] [ERROR] [vite] Failed to reload /src/lib/components/output-pane/graph-view.tsx. This could be due to syntax errors or importing non-existent modules. (see errors above) @ http://localhost:3001/src/routes/__root.tsx:65
[   78326ms] [ERROR] [vite] SyntaxError: The requested module '/src/lib/utils/json-path.ts' does not provide an export named 'addAtPath' @ http://localhost:3001/src/routes/__root.tsx:65
[   78326ms] [ERROR] [vite] Failed to reload /src/lib/components/output-pane/index.tsx. This could be due to syntax errors or importing non-existent modules. (see errors above) @ http://localhost:3001/src/routes/__root.tsx:65
