[     158ms] [ERROR] Unknown event handler property `%s`. It will be ignored. onPointerEnterCapture @ http://localhost:3000/src/routes/__root.tsx?t=1771095332782:65
[     158ms] [ERROR] Unknown event handler property `%s`. It will be ignored. onPointerLeaveCapture @ http://localhost:3000/src/routes/__root.tsx?t=1771095332782:65
[     229ms] [ERROR] Manifest: Line: 1, column: 1, Syntax error. @ http://localhost:3000/manifest.webmanifest:0
[   51195ms] [ERROR] %o

%s

%s
 ReferenceError: CollapseContext is not defined
    at GraphView (http://localhost:3000/src/lib/components/output-pane/graph-view.tsx?t=1771095785404:940:33)
    at Object.react_stack_bottom_frame (http://localhost:3000/node_modules/.vite/deps/react-dom_client.js?v=2651cc8e:12871:12)
    at renderWithHooks (http://localhost:3000/node_modules/.vite/deps/react-dom_client.js?v=2651cc8e:4216:19)
    at updateFunctionComponent (http://localhost:3000/node_modules/.vite/deps/react-dom_client.js?v=2651cc8e:5572:16)
    at beginWork (http://localhost:3000/node_modules/.vite/deps/react-dom_client.js?v=2651cc8e:6143:20)
    at runWithFiberInDEV (http://localhost:3000/node_modules/.vite/deps/react-dom_client.js?v=2651cc8e:854:66)
    at performUnitOfWork (http://localhost:3000/node_modules/.vite/deps/react-dom_client.js?v=2651cc8e:8432:94)
    at workLoopSync (http://localhost:3000/node_modules/.vite/deps/react-dom_client.js?v=2651cc8e:8328:37)
    at renderRootSync (http://localhost:3000/node_modules/.vite/deps/react-dom_client.js?v=2651cc8e:8312:6)
    at performWorkOnRoot (http://localhost:3000/node_modules/.vite/deps/react-dom_client.js?v=2651cc8e:7997:27) The above error occurred in the <GraphView> component. React will try to recreate this component tree from scratch using the error boundary you provided, CatchBoundaryImpl. @ http://localhost:3000/src/routes/__root.tsx?t=1771095332782:65
[   51196ms] [WARNING] Warning: The following error wasn't caught by any route! At the very least, consider setting an 'errorComponent' in your RootRoute! @ http://localhost:3000/src/routes/__root.tsx?t=1771095332782:65
[   51196ms] [WARNING] Warning: CollapseContext is not defined @ http://localhost:3000/src/routes/__root.tsx?t=1771095332782:65
[   56972ms] [ERROR] %o

%s

%s
 ReferenceError: CollapseContext is not defined
    at GraphView (http://localhost:3000/src/lib/components/output-pane/graph-view.tsx?t=1771095791162:962:33)
    at Object.react_stack_bottom_frame (http://localhost:3000/node_modules/.vite/deps/react-dom_client.js?v=2651cc8e:12871:12)
    at renderWithHooks (http://localhost:3000/node_modules/.vite/deps/react-dom_client.js?v=2651cc8e:4216:19)
    at updateFunctionComponent (http://localhost:3000/node_modules/.vite/deps/react-dom_client.js?v=2651cc8e:5572:16)
    at beginWork (http://localhost:3000/node_modules/.vite/deps/react-dom_client.js?v=2651cc8e:6143:20)
    at runWithFiberInDEV (http://localhost:3000/node_modules/.vite/deps/react-dom_client.js?v=2651cc8e:854:66)
    at performUnitOfWork (http://localhost:3000/node_modules/.vite/deps/react-dom_client.js?v=2651cc8e:8432:94)
    at workLoopSync (http://localhost:3000/node_modules/.vite/deps/react-dom_client.js?v=2651cc8e:8328:37)
    at renderRootSync (http://localhost:3000/node_modules/.vite/deps/react-dom_client.js?v=2651cc8e:8312:6)
    at performWorkOnRoot (http://localhost:3000/node_modules/.vite/deps/react-dom_client.js?v=2651cc8e:7997:27) The above error occurred in the <GraphView> component. React will try to recreate this component tree from scratch using the error boundary you provided, CatchBoundaryImpl. @ http://localhost:3000/src/routes/__root.tsx?t=1771095332782:65
[   56972ms] [WARNING] Warning: The following error wasn't caught by any route! At the very least, consider setting an 'errorComponent' in your RootRoute! @ http://localhost:3000/src/routes/__root.tsx?t=1771095332782:65
[   56972ms] [WARNING] Warning: CollapseContext is not defined @ http://localhost:3000/src/routes/__root.tsx?t=1771095332782:65
[   65160ms] [ERROR] %o

%s

%s
 ReferenceError: CollapseContext is not defined
    at GraphView (http://localhost:3000/src/lib/components/output-pane/graph-view.tsx?t=1771095799324:971:33)
    at Object.react_stack_bottom_frame (http://localhost:3000/node_modules/.vite/deps/react-dom_client.js?v=2651cc8e:12871:12)
    at renderWithHooks (http://localhost:3000/node_modules/.vite/deps/react-dom_client.js?v=2651cc8e:4216:19)
    at updateFunctionComponent (http://localhost:3000/node_modules/.vite/deps/react-dom_client.js?v=2651cc8e:5572:16)
    at beginWork (http://localhost:3000/node_modules/.vite/deps/react-dom_client.js?v=2651cc8e:6143:20)
    at runWithFiberInDEV (http://localhost:3000/node_modules/.vite/deps/react-dom_client.js?v=2651cc8e:854:66)
    at performUnitOfWork (http://localhost:3000/node_modules/.vite/deps/react-dom_client.js?v=2651cc8e:8432:94)
    at workLoopSync (http://localhost:3000/node_modules/.vite/deps/react-dom_client.js?v=2651cc8e:8328:37)
    at renderRootSync (http://localhost:3000/node_modules/.vite/deps/react-dom_client.js?v=2651cc8e:8312:6)
    at performWorkOnRoot (http://localhost:3000/node_modules/.vite/deps/react-dom_client.js?v=2651cc8e:7997:27) The above error occurred in the <GraphView> component. React will try to recreate this component tree from scratch using the error boundary you provided, CatchBoundaryImpl. @ http://localhost:3000/src/routes/__root.tsx?t=1771095332782:65
[   65161ms] [WARNING] Warning: The following error wasn't caught by any route! At the very least, consider setting an 'errorComponent' in your RootRoute! @ http://localhost:3000/src/routes/__root.tsx?t=1771095332782:65
[   65161ms] [WARNING] Warning: CollapseContext is not defined @ http://localhost:3000/src/routes/__root.tsx?t=1771095332782:65
[   70892ms] [ERROR] %o

%s

%s
 ReferenceError: CollapseContext is not defined
    at GraphView (http://localhost:3000/src/lib/components/output-pane/graph-view.tsx?t=1771095805106:980:33)
    at Object.react_stack_bottom_frame (http://localhost:3000/node_modules/.vite/deps/react-dom_client.js?v=2651cc8e:12871:12)
    at renderWithHooks (http://localhost:3000/node_modules/.vite/deps/react-dom_client.js?v=2651cc8e:4216:19)
    at updateFunctionComponent (http://localhost:3000/node_modules/.vite/deps/react-dom_client.js?v=2651cc8e:5572:16)
    at beginWork (http://localhost:3000/node_modules/.vite/deps/react-dom_client.js?v=2651cc8e:6143:20)
    at runWithFiberInDEV (http://localhost:3000/node_modules/.vite/deps/react-dom_client.js?v=2651cc8e:854:66)
    at performUnitOfWork (http://localhost:3000/node_modules/.vite/deps/react-dom_client.js?v=2651cc8e:8432:94)
    at workLoopSync (http://localhost:3000/node_modules/.vite/deps/react-dom_client.js?v=2651cc8e:8328:37)
    at renderRootSync (http://localhost:3000/node_modules/.vite/deps/react-dom_client.js?v=2651cc8e:8312:6)
    at performWorkOnRoot (http://localhost:3000/node_modules/.vite/deps/react-dom_client.js?v=2651cc8e:7997:27) The above error occurred in the <GraphView> component. React will try to recreate this component tree from scratch using the error boundary you provided, CatchBoundaryImpl. @ http://localhost:3000/src/routes/__root.tsx?t=1771095332782:65
[   70892ms] [WARNING] Warning: The following error wasn't caught by any route! At the very least, consider setting an 'errorComponent' in your RootRoute! @ http://localhost:3000/src/routes/__root.tsx?t=1771095332782:65
[   70892ms] [WARNING] Warning: CollapseContext is not defined @ http://localhost:3000/src/routes/__root.tsx?t=1771095332782:65
[   76630ms] [ERROR] %o

%s

%s
 ReferenceError: CollapseContext is not defined
    at GraphView (http://localhost:3000/src/lib/components/output-pane/graph-view.tsx?t=1771095810802:997:33)
    at Object.react_stack_bottom_frame (http://localhost:3000/node_modules/.vite/deps/react-dom_client.js?v=2651cc8e:12871:12)
    at renderWithHooks (http://localhost:3000/node_modules/.vite/deps/react-dom_client.js?v=2651cc8e:4216:19)
    at updateFunctionComponent (http://localhost:3000/node_modules/.vite/deps/react-dom_client.js?v=2651cc8e:5572:16)
    at beginWork (http://localhost:3000/node_modules/.vite/deps/react-dom_client.js?v=2651cc8e:6143:20)
    at runWithFiberInDEV (http://localhost:3000/node_modules/.vite/deps/react-dom_client.js?v=2651cc8e:854:66)
    at performUnitOfWork (http://localhost:3000/node_modules/.vite/deps/react-dom_client.js?v=2651cc8e:8432:94)
    at workLoopSync (http://localhost:3000/node_modules/.vite/deps/react-dom_client.js?v=2651cc8e:8328:37)
    at renderRootSync (http://localhost:3000/node_modules/.vite/deps/react-dom_client.js?v=2651cc8e:8312:6)
    at performWorkOnRoot (http://localhost:3000/node_modules/.vite/deps/react-dom_client.js?v=2651cc8e:7997:27) The above error occurred in the <GraphView> component. React will try to recreate this component tree from scratch using the error boundary you provided, CatchBoundaryImpl. @ http://localhost:3000/src/routes/__root.tsx?t=1771095332782:65
[   76630ms] [WARNING] Warning: The following error wasn't caught by any route! At the very least, consider setting an 'errorComponent' in your RootRoute! @ http://localhost:3000/src/routes/__root.tsx?t=1771095332782:65
[   76630ms] [WARNING] Warning: CollapseContext is not defined @ http://localhost:3000/src/routes/__root.tsx?t=1771095332782:65
[   86090ms] [ERROR] %o

%s

%s
 ReferenceError: CollapseContext is not defined
    at GraphView (http://localhost:3000/src/lib/components/output-pane/graph-view.tsx?t=1771095820288:998:33)
    at Object.react_stack_bottom_frame (http://localhost:3000/node_modules/.vite/deps/react-dom_client.js?v=2651cc8e:12871:12)
    at renderWithHooks (http://localhost:3000/node_modules/.vite/deps/react-dom_client.js?v=2651cc8e:4216:19)
    at updateFunctionComponent (http://localhost:3000/node_modules/.vite/deps/react-dom_client.js?v=2651cc8e:5572:16)
    at beginWork (http://localhost:3000/node_modules/.vite/deps/react-dom_client.js?v=2651cc8e:6143:20)
    at runWithFiberInDEV (http://localhost:3000/node_modules/.vite/deps/react-dom_client.js?v=2651cc8e:854:66)
    at performUnitOfWork (http://localhost:3000/node_modules/.vite/deps/react-dom_client.js?v=2651cc8e:8432:94)
    at workLoopSync (http://localhost:3000/node_modules/.vite/deps/react-dom_client.js?v=2651cc8e:8328:37)
    at renderRootSync (http://localhost:3000/node_modules/.vite/deps/react-dom_client.js?v=2651cc8e:8312:6)
    at performWorkOnRoot (http://localhost:3000/node_modules/.vite/deps/react-dom_client.js?v=2651cc8e:7997:27) The above error occurred in the <GraphView> component. React will try to recreate this component tree from scratch using the error boundary you provided, CatchBoundaryImpl. @ http://localhost:3000/src/routes/__root.tsx?t=1771095332782:65
[   86091ms] [WARNING] Warning: The following error wasn't caught by any route! At the very least, consider setting an 'errorComponent' in your RootRoute! @ http://localhost:3000/src/routes/__root.tsx?t=1771095332782:65
[   86091ms] [WARNING] Warning: CollapseContext is not defined @ http://localhost:3000/src/routes/__root.tsx?t=1771095332782:65
[   93652ms] [ERROR] %o

%s

%s
 ReferenceError: CollapseContext is not defined
    at GraphView (http://localhost:3000/src/lib/components/output-pane/graph-view.tsx?t=1771095827839:1024:33)
    at Object.react_stack_bottom_frame (http://localhost:3000/node_modules/.vite/deps/react-dom_client.js?v=2651cc8e:12871:12)
    at renderWithHooks (http://localhost:3000/node_modules/.vite/deps/react-dom_client.js?v=2651cc8e:4216:19)
    at updateFunctionComponent (http://localhost:3000/node_modules/.vite/deps/react-dom_client.js?v=2651cc8e:5572:16)
    at beginWork (http://localhost:3000/node_modules/.vite/deps/react-dom_client.js?v=2651cc8e:6143:20)
    at runWithFiberInDEV (http://localhost:3000/node_modules/.vite/deps/react-dom_client.js?v=2651cc8e:854:66)
    at performUnitOfWork (http://localhost:3000/node_modules/.vite/deps/react-dom_client.js?v=2651cc8e:8432:94)
    at workLoopSync (http://localhost:3000/node_modules/.vite/deps/react-dom_client.js?v=2651cc8e:8328:37)
    at renderRootSync (http://localhost:3000/node_modules/.vite/deps/react-dom_client.js?v=2651cc8e:8312:6)
    at performWorkOnRoot (http://localhost:3000/node_modules/.vite/deps/react-dom_client.js?v=2651cc8e:7997:27) The above error occurred in the <GraphView> component. React will try to recreate this component tree from scratch using the error boundary you provided, CatchBoundaryImpl. @ http://localhost:3000/src/routes/__root.tsx?t=1771095332782:65
[   93652ms] [WARNING] Warning: The following error wasn't caught by any route! At the very least, consider setting an 'errorComponent' in your RootRoute! @ http://localhost:3000/src/routes/__root.tsx?t=1771095332782:65
[   93652ms] [WARNING] Warning: CollapseContext is not defined @ http://localhost:3000/src/routes/__root.tsx?t=1771095332782:65
[  100842ms] [ERROR] Failed to load resource: the server responded with a status of 500 (Internal Server Error) @ http://localhost:3000/src/lib/components/output-pane/graph-view.tsx?t=1771095835160:0
[  100843ms] [ERROR] [vite] Failed to reload /src/lib/components/output-pane/graph-view.tsx. This could be due to syntax errors or importing non-existent modules. (see errors above) @ http://localhost:3000/src/routes/__root.tsx?t=1771095332782:65
[  104598ms] [ERROR] Manifest: Line: 1, column: 1, Syntax error. @ http://localhost:3000/manifest.webmanifest:0
